<?xml version="1.0" encoding="UTF-8"?>
<testsuite name="tests.TextBoxTests" tests="1" skipped="0" failures="0" errors="0" timestamp="2021-09-05T17:22:54" hostname="MBP-Tasa" time="4.936">
  <properties/>
  <testcase name="fillFormTest()" classname="tests.TextBoxTests" time="4.936"/>
  <system-out><![CDATA[]]></system-out>
  <system-err><![CDATA[[Test worker] INFO com.codeborne.selenide.impl.WebDriverThreadLocalContainer - No webdriver is bound to current thread: 15 - let's create a new webdriver
[Test worker] INFO com.codeborne.selenide.impl.FileHelper - Creating folder: /Users/tasaigonina/IdeaProjects/demoqa-test8yb/build/downloads/1630862574139_1341_15
[Test worker] INFO io.github.bonigarcia.wdm.WebDriverManager - Using chromedriver 92.0.4515.107 (resolved driver for Chrome 92)
[Test worker] INFO io.github.bonigarcia.wdm.WebDriverManager - Exporting webdriver.chrome.driver as /Users/tasaigonina/.cache/selenium/chromedriver/mac64/92.0.4515.107/chromedriver
Starting ChromeDriver 92.0.4515.107 (87a818b10553a07434ea9e2b6dccf3cbe7895134-refs/branch-heads/4515@{#1634}) on port 5832
Only local connections are allowed.
Please see https://chromedriver.chromium.org/security-considerations for suggestions on keeping ChromeDriver safe.
ChromeDriver was started successfully.
сент. 05, 2021 8:22:55 PM org.openqa.selenium.remote.ProtocolHandshake createSession
INFO: Detected dialect: W3C
[Test worker] INFO com.codeborne.selenide.webdriver.HttpClientTimeouts - Changed connectTimeout from 120000 to 60000
[Test worker] INFO com.codeborne.selenide.webdriver.HttpClientTimeouts - Changed readTimeout from 10800000 to 120000
[Test worker] INFO com.codeborne.selenide.webdriver.WebDriverFactory - BrowserName=chrome Version=92.0.4515.159 Platform=MAC
[Test worker] INFO com.codeborne.selenide.webdriver.WebDriverFactory - Selenide v. 5.24.0
[Test worker] INFO com.codeborne.selenide.webdriver.WebDriverFactory - Selenium WebDriver v. 3.141.59 build time: 2018-11-14T08:17:03
[Test worker] INFO com.codeborne.selenide.drivercommands.CreateDriverCommand - Create webdriver in current thread 15: ChromeDriver -> ChromeDriver: chrome on MAC (4153703080e44bfa0fc9108de81ea710)
]]></system-err>
</testsuite>
